Arguments: 
  /usr/local/bin/node /Users/e/.yarn/bin/yarn.js add formidabble

PATH: 
  /Users/e/.yarn/bin:/Users/e/.config/yarn/global/node_modules/.bin:/usr/local/bin:/usr/bin:/bin:/usr/sbin:/sbin:/Users/e/.yarn/bin:/Users/e/.config/yarn/global/node_modules/.bin

Yarn version: 
  1.22.15

Node version: 
  14.17.1

Platform: 
  darwin x64

Trace: 
  Error: https://registry.yarnpkg.com/formidabble: Not found
      at Request.params.callback [as _callback] (/Users/e/.yarn/lib/cli.js:67031:18)
      at Request.self.callback (/Users/e/.yarn/lib/cli.js:140885:22)
      at Request.emit (events.js:375:28)
      at Request.<anonymous> (/Users/e/.yarn/lib/cli.js:141857:10)
      at Request.emit (events.js:375:28)
      at IncomingMessage.<anonymous> (/Users/e/.yarn/lib/cli.js:141779:12)
      at Object.onceWrapper (events.js:481:28)
      at IncomingMessage.emit (events.js:387:35)
      at endReadableNT (internal/streams/readable.js:1317:12)
      at processTicksAndRejections (internal/process/task_queues.js:82:21)

npm manifest: 
  No manifest

yarn manifest: 
  No manifest

Lockfile: 
  No lockfile
